Thu, 18 Jan 2018 21:14:44 account.py[line:11] DEBUG This is debug message
Thu, 18 Jan 2018 21:14:44 account.py[line:12] INFO This is info message
Thu, 18 Jan 2018 21:14:44 account.py[line:13] WARNING This is warning message
Thu, 18 Jan 2018 21:25:24 mylog.py[line:16] WARNING logger.conf
Thu, 18 Jan 2018 21:29:39 account.py[line:7] INFO logger.conf
Thu, 18 Jan 2018 21:30:55 account.py[line:7] INFO logger.conf
Thu, 18 Jan 2018 21:32:08 db.py[line:20] INFO no such table: user_account1
Thu, 18 Jan 2018 21:33:38 db.py[line:15] INFO UPDATE user_account set nick='omg' where id=? and account=?
Thu, 18 Jan 2018 21:55:14 db.py[line:6] ERROR except
Thu, 18 Jan 2018 22:00:38 mylog.py[line:16] WARNING code:-1,msg:except
Thu, 18 Jan 2018 22:01:25 mylog.py[line:16] WARNING error,code:-1,msg:except
Thu, 18 Jan 2018 22:06:37 mylog.py[line:18] WARNING error,code:-1,msg:except
Thu, 18 Jan 2018 22:11:31 mylog.py[line:24] WARNING error,code:-1,msg:except
Thu, 18 Jan 2018 22:12:34 mylog.py[line:18] WARNING error,code:-1,msg:except
Thu, 18 Jan 2018 22:19:02 CustomerException.py[line:9] WARNING ###
Thu, 18 Jan 2018 22:20:45 CustomerException.py[line:9] WARNING ###
Thu, 18 Jan 2018 22:21:47 error.py[line:9] WARNING ###
Thu, 18 Jan 2018 22:22:53 error.py[line:11] WARNING ###
Thu, 18 Jan 2018 22:24:16 error.py[line:11] WARNING ###
Thu, 18 Jan 2018 22:25:23 error.py[line:11] WARNING ###
Thu, 18 Jan 2018 22:26:05 error.py[line:11] WARNING ###
Sun, 21 Jan 2018 11:36:59 db.py[line:18] WARNING user_account.id may not be NULL
Sun, 21 Jan 2018 11:39:28 db.py[line:18] WARNING user_account.nick may not be NULL
